
Showing logs for build [32mcb-kubecd-environment-pr-201-26-8rxtm-1[0m stage [32mfrom-build-pack[0m and container [32mstep-credential-initializer-82lsj[0m
{"level":"warn","ts":1586990371.934983,"logger":"fallback-logger","caller":"logging/config.go:69","msg":"Fetch GitHub commit ID from kodata failed: \"ref: refs/heads/0.8.0-**-support-backwards-incompats\" is not a valid GitHub commit ID"}
{"level":"info","ts":1586990371.9361014,"logger":"fallback-logger","caller":"creds-init/main.go:40","msg":"Credentials initialized."}

Showing logs for build [32mcb-kubecd-environment-pr-201-26-8rxtm-1[0m stage [32mfrom-build-pack[0m and container [32mstep-working-dir-initializer-cwnsl[0m
{"level":"warn","ts":1586990372.8849483,"logger":"fallback-logger","caller":"logging/config.go:69","msg":"Fetch GitHub commit ID from kodata failed: open /var/run/ko/HEAD: no such file or directory"}
{"level":"info","ts":1586990372.8870363,"logger":"fallback-logger","caller":"bash/main.go:64","msg":"Successfully executed command \"sh -c mkdir -p /workspace/source\"; output "}

Showing logs for build [32mcb-kubecd-environment-pr-201-26-8rxtm-1[0m stage [32mfrom-build-pack[0m and container [32mstep-place-tools[0m

Showing logs for build [32mcb-kubecd-environment-pr-201-26-8rxtm-1[0m stage [32mfrom-build-pack[0m and container [32mstep-git-source-cb-kubecd-environment-pr-201-26-8rxtm-lpvj9[0m
{"level":"warn","ts":1586990377.9830282,"logger":"fallback-logger","caller":"logging/config.go:69","msg":"Fetch GitHub commit ID from kodata failed: \"ref: refs/heads/0.8.0-**-support-backwards-incompats\" is not a valid GitHub commit ID"}
{"level":"info","ts":1586990379.0119607,"logger":"fallback-logger","caller":"git/git.go:103","msg":"Successfully cloned https://github.com/cb-kubecd/environment-pr-201-26-boot-gke-production.git @ master in path /workspace/source"}

Showing logs for build [32mcb-kubecd-environment-pr-201-26-8rxtm-1[0m stage [32mfrom-build-pack[0m and container [32mstep-git-merge[0m
Using SHAs from PULL_REFS=master:f80d082da3febecb83d631f6a43fb626e4bba7dd,1:67b13a16da62ef811c7dfce9e29dd9676d3dbdb8
DEBUG: LC_ALL=C JX_LOG_LEVEL=error git fetch origin --unshallow 67b13a16da62ef811c7dfce9e29dd9676d3dbdb8: f80d082da3febecb83d631f6a43fb626e4bba7dd:
DEBUG: ran git fetch --unshallow origin 67b13a16da62ef811c7dfce9e29dd9676d3dbdb8: f80d082da3febecb83d631f6a43fb626e4bba7dd: in 
DEBUG: LC_ALL=C JX_LOG_LEVEL=error git branch
DEBUG: JX_LOG_LEVEL=error LC_ALL=C git checkout master
DEBUG: ran git checkout master in 
DEBUG: LC_ALL=C JX_LOG_LEVEL=error git reset --hard f80d082da3febecb83d631f6a43fb626e4bba7dd
DEBUG: ran git reset --hard f80d082da3febecb83d631f6a43fb626e4bba7dd in 
DEBUG: LC_ALL=C JX_LOG_LEVEL=error git clean -fd .
DEBUG: ran clean --force -d . in 
DEBUG: LC_ALL=C JX_LOG_LEVEL=error git merge 67b13a16da62ef811c7dfce9e29dd9676d3dbdb8
DEBUG: ran git merge 67b13a16da62ef811c7dfce9e29dd9676d3dbdb8 in 
DEBUG: LC_ALL=C JX_LOG_LEVEL=error git log --format=%H%x1f%an%x1f%ae%x1f%cn%x1f%ce%x1f%s%n%b%x1e f80d082da3febecb83d631f6a43fb626e4bba7dd..HEAD
Merged SHA 67b13a16da62ef811c7dfce9e29dd9676d3dbdb8 with commit message 'chore: Promote bdd-spring-1586989443 to version 0.0.1' into base branch master

Showing logs for build [32mcb-kubecd-environment-pr-201-26-8rxtm-1[0m stage [32mfrom-build-pack[0m and container [32mstep-build-helm-build[0m
WARNING: No $CHART_REPOSITORY defined so using the default value of: http://jenkins-x-chartmuseum:8080
Adding missing Helm repo: storage.googleapis.com https://storage.googleapis.com/chartmuseum.jenkins-x.io
WARNING: No secrets found on "helm/repos" due: reading the secret "helm/repos" from vault: no secret "helm/repos" not found in vault
Read credentials for https://storage.googleapis.com/chartmuseum.jenkins-x.io from vault helm/repos
Successfully added Helm repository storage.googleapis.com.
Adding missing Helm repo: jenkins-x-chartmuseum http://jenkins-x-chartmuseum:8080
WARNING: No secrets found on "helm/repos" due: reading the secret "helm/repos" from vault: no secret "helm/repos" not found in vault
Read credentials for http://jenkins-x-chartmuseum:8080 from vault helm/repos
Successfully added Helm repository jenkins-x-chartmuseum.
WARNING: No $CHART_REPOSITORY defined so using the default value of: http://jenkins-x-chartmuseum:8080
Adding missing Helm repo: chartmuseum.jenkins-x.io http://chartmuseum.jenkins-x.io
WARNING: No secrets found on "helm/repos" due: reading the secret "helm/repos" from vault: no secret "helm/repos" not found in vault
Read credentials for http://chartmuseum.jenkins-x.io from vault helm/repos
Successfully added Helm repository chartmuseum.jenkins-x.io.
